2014/05/06 00:06:21 [error] [exception.CHttpException.404] exception 'CHttpException' with message 'Unable to resolve the request "pla".' in C:\xampp\htdocs\yii-1.1.14\framework\web\CWebApplication.php:286
Stack trace:
#0 C:\xampp\htdocs\yii-1.1.14\framework\web\CWebApplication.php(141): CWebApplication->runController('pla')
#1 C:\xampp\htdocs\yii-1.1.14\framework\base\CApplication.php(180): CWebApplication->processRequest()
#2 C:\xampp\htdocs\pizarravirtual\index.php(13): CApplication->run()
#3 {main}
REQUEST_URI=/pizarravirtual/index.php?r=pla
---
2014/05/06 00:29:52 [error] [exception.CHttpException.404] exception 'CHttpException' with message 'Unable to resolve the request "proyectos".' in C:\xampp\htdocs\yii-1.1.14\framework\web\CWebApplication.php:286
Stack trace:
#0 C:\xampp\htdocs\yii-1.1.14\framework\web\CWebApplication.php(141): CWebApplication->runController('proyectos')
#1 C:\xampp\htdocs\yii-1.1.14\framework\base\CApplication.php(180): CWebApplication->processRequest()
#2 C:\xampp\htdocs\pizarravirtual\index.php(13): CApplication->run()
#3 {main}
REQUEST_URI=/pizarravirtual/index.php?r=proyectos
---
2014/05/06 00:56:38 [error] [exception.CHttpException.404] exception 'CHttpException' with message 'Unable to resolve the request "plan_usuario".' in C:\xampp\htdocs\yii-1.1.14\framework\web\CWebApplication.php:286
Stack trace:
#0 C:\xampp\htdocs\yii-1.1.14\framework\web\CWebApplication.php(141): CWebApplication->runController('plan_usuario')
#1 C:\xampp\htdocs\yii-1.1.14\framework\base\CApplication.php(180): CWebApplication->processRequest()
#2 C:\xampp\htdocs\pizarravirtual\index.php(13): CApplication->run()
#3 {main}
REQUEST_URI=/pizarravirtual/index.php?r=plan_usuario
---
2014/05/06 01:01:04 [error] [system.db.CDbCommand] CDbCommand::fetchAll() failed: SQLSTATE[42S02]: Base table or view not found: 1146 Table 'pizarra-virtual.planusuario' doesn't exist. The SQL statement executed was: SHOW FULL COLUMNS FROM `PlanUsuario`.
in C:\xampp\htdocs\pizarravirtual\protected\views\plan\view.php (34)
in C:\xampp\htdocs\pizarravirtual\protected\controllers\PlanController.php (56)
in C:\xampp\htdocs\pizarravirtual\index.php (13)
2014/05/06 01:01:04 [error] [exception.CDbException] exception 'CDbException' with message 'The relation "alumnos" in active record class "Plan" is not specified correctly: the join table "PlanUsuario" given in the foreign key cannot be found in the database.' in C:\xampp\htdocs\yii-1.1.14\framework\db\ar\CActiveFinder.php:542
Stack trace:
#0 C:\xampp\htdocs\yii-1.1.14\framework\db\ar\CActiveFinder.php(500): CJoinElement->applyLazyCondition(Object(CJoinQuery), Object(Plan))
#1 C:\xampp\htdocs\yii-1.1.14\framework\db\ar\CActiveFinder.php(163): CJoinElement->lazyFind(Object(Plan))
#2 C:\xampp\htdocs\yii-1.1.14\framework\db\ar\CActiveRecord.php(281): CActiveFinder->lazyFind(Object(Plan))
#3 C:\xampp\htdocs\yii-1.1.14\framework\db\ar\CActiveRecord.php(143): CActiveRecord->getRelated('alumnos')
#4 C:\xampp\htdocs\pizarravirtual\protected\views\plan\view.php(34): CActiveRecord->__get('alumnos')
#5 C:\xampp\htdocs\yii-1.1.14\framework\web\CBaseController.php(126): require('C:\xampp\htdocs...')
#6 C:\xampp\htdocs\yii-1.1.14\framework\web\CBaseController.php(95): CBaseController->renderInternal('C:\xampp\htdocs...', Array, true)
#7 C:\xampp\htdocs\yii-1.1.14\framework\web\CController.php(869): CBaseController->renderFile('C:\xampp\htdocs...', Array, true)
#8 C:\xampp\htdocs\yii-1.1.14\framework\web\CController.php(782): CController->renderPartial('view', Array, true)
#9 C:\xampp\htdocs\pizarravirtual\protected\controllers\PlanController.php(56): CController->render('view', Array)
#10 [internal function]: PlanController->actionView('1')
#11 C:\xampp\htdocs\yii-1.1.14\framework\web\actions\CAction.php(108): ReflectionMethod->invokeArgs(Object(PlanController), Array)
#12 C:\xampp\htdocs\yii-1.1.14\framework\web\actions\CInlineAction.php(47): CAction->runWithParamsInternal(Object(PlanController), Object(ReflectionMethod), Array)
#13 C:\xampp\htdocs\yii-1.1.14\framework\web\CController.php(308): CInlineAction->runWithParams(Array)
#14 C:\xampp\htdocs\yii-1.1.14\framework\web\filters\CFilterChain.php(133): CController->runAction(Object(CInlineAction))
#15 C:\xampp\htdocs\yii-1.1.14\framework\web\filters\CFilter.php(40): CFilterChain->run()
#16 C:\xampp\htdocs\yii-1.1.14\framework\web\CController.php(1145): CFilter->filter(Object(CFilterChain))
#17 C:\xampp\htdocs\yii-1.1.14\framework\web\filters\CInlineFilter.php(58): CController->filterAccessControl(Object(CFilterChain))
#18 C:\xampp\htdocs\yii-1.1.14\framework\web\filters\CFilterChain.php(130): CInlineFilter->filter(Object(CFilterChain))
#19 C:\xampp\htdocs\yii-1.1.14\framework\web\CController.php(291): CFilterChain->run()
#20 C:\xampp\htdocs\yii-1.1.14\framework\web\CController.php(265): CController->runActionWithFilters(Object(CInlineAction), Array)
#21 C:\xampp\htdocs\yii-1.1.14\framework\web\CWebApplication.php(282): CController->run('view')
#22 C:\xampp\htdocs\yii-1.1.14\framework\web\CWebApplication.php(141): CWebApplication->runController('plan/view')
#23 C:\xampp\htdocs\yii-1.1.14\framework\base\CApplication.php(180): CWebApplication->processRequest()
#24 C:\xampp\htdocs\pizarravirtual\index.php(13): CApplication->run()
#25 {main}
REQUEST_URI=/pizarravirtual/index.php?r=plan/view&id=1
HTTP_REFERER=http://localhost/pizarravirtual/index.php?r=plan
---
2014/05/06 02:45:20 [error] [exception.CHttpException.404] exception 'CHttpException' with message 'Unable to resolve the request "page/about".' in C:\xampp\htdocs\yii-1.1.14\framework\web\CWebApplication.php:286
Stack trace:
#0 C:\xampp\htdocs\yii-1.1.14\framework\web\CWebApplication.php(141): CWebApplication->runController('page/about')
#1 C:\xampp\htdocs\yii-1.1.14\framework\base\CApplication.php(180): CWebApplication->processRequest()
#2 C:\xampp\htdocs\pizarravirtual\index.php(13): CApplication->run()
#3 {main}
REQUEST_URI=/pizarravirtual/index.php?r=page/about
HTTP_REFERER=http://localhost/pizarravirtual/index.php?r=usuario/index
---
2014/05/06 02:45:35 [error] [exception.CHttpException.404] exception 'CHttpException' with message 'Unable to resolve the request "page/about".' in C:\xampp\htdocs\yii-1.1.14\framework\web\CWebApplication.php:286
Stack trace:
#0 C:\xampp\htdocs\yii-1.1.14\framework\web\CWebApplication.php(141): CWebApplication->runController('page/about')
#1 C:\xampp\htdocs\yii-1.1.14\framework\base\CApplication.php(180): CWebApplication->processRequest()
#2 C:\xampp\htdocs\pizarravirtual\index.php(13): CApplication->run()
#3 {main}
REQUEST_URI=/pizarravirtual/index.php?r=page/about
HTTP_REFERER=http://localhost/pizarravirtual/index.php?r=usuario/index
---
2014/05/06 02:45:37 [error] [exception.CHttpException.404] exception 'CHttpException' with message 'The system is unable to find the requested action "pages".' in C:\xampp\htdocs\yii-1.1.14\framework\web\CController.php:483
Stack trace:
#0 C:\xampp\htdocs\yii-1.1.14\framework\web\CController.php(270): CController->missingAction('pages')
#1 C:\xampp\htdocs\yii-1.1.14\framework\web\CWebApplication.php(282): CController->run('pages')
#2 C:\xampp\htdocs\yii-1.1.14\framework\web\CWebApplication.php(141): CWebApplication->runController('site/pages/abou...')
#3 C:\xampp\htdocs\yii-1.1.14\framework\base\CApplication.php(180): CWebApplication->processRequest()
#4 C:\xampp\htdocs\pizarravirtual\index.php(13): CApplication->run()
#5 {main}
REQUEST_URI=/pizarravirtual/index.php?r=site/pages/about
HTTP_REFERER=http://localhost/pizarravirtual/index.php?r=page/about
---
2014/05/06 02:48:57 [error] [exception.CHttpException.404] exception 'CHttpException' with message 'The requested view "about" was not found.' in C:\xampp\htdocs\yii-1.1.14\framework\web\actions\CViewAction.php:112
Stack trace:
#0 C:\xampp\htdocs\yii-1.1.14\framework\web\actions\CViewAction.php(123): CViewAction->resolveView('about')
#1 C:\xampp\htdocs\yii-1.1.14\framework\web\actions\CAction.php(76): CViewAction->run()
#2 C:\xampp\htdocs\yii-1.1.14\framework\web\CController.php(308): CAction->runWithParams(Array)
#3 C:\xampp\htdocs\yii-1.1.14\framework\web\CController.php(286): CController->runAction(Object(CViewAction))
#4 C:\xampp\htdocs\yii-1.1.14\framework\web\CController.php(265): CController->runActionWithFilters(Object(CViewAction), Array)
#5 C:\xampp\htdocs\yii-1.1.14\framework\web\CWebApplication.php(282): CController->run('page')
#6 C:\xampp\htdocs\yii-1.1.14\framework\web\CWebApplication.php(141): CWebApplication->runController('site/page')
#7 C:\xampp\htdocs\yii-1.1.14\framework\base\CApplication.php(180): CWebApplication->processRequest()
#8 C:\xampp\htdocs\pizarravirtual\index.php(13): CApplication->run()
#9 {main}
REQUEST_URI=/pizarravirtual/index.php?r=site/page&view=about
---
<<<<<<< HEAD
2014/05/12 22:28:21 [error] [exception.CException] exception 'CException' with message 'Usuario and its behaviors do not have a method or closure named "validatePassword".' in C:\xampp\htdocs\yii-1.1.14\framework\base\CComponent.php:266
Stack trace:
#0 C:\xampp\htdocs\yii-1.1.14\framework\db\ar\CActiveRecord.php(227): CComponent->__call('validatePasswor...', Array)
#1 C:\xampp\htdocs\pizarravirtual\protected\components\UserIdentity.php(29): CActiveRecord->__call('validatePasswor...', Array)
#2 C:\xampp\htdocs\pizarravirtual\protected\components\UserIdentity.php(29): Usuario->validatePassword('admin')
#3 C:\xampp\htdocs\pizarravirtual\protected\models\LoginForm.php(52): UserIdentity->authenticate()
#4 C:\xampp\htdocs\yii-1.1.14\framework\validators\CInlineValidator.php(42): LoginForm->authenticate('password', Array)
#5 C:\xampp\htdocs\yii-1.1.14\framework\validators\CValidator.php(213): CInlineValidator->validateAttribute(Object(LoginForm), 'password')
#6 C:\xampp\htdocs\yii-1.1.14\framework\base\CModel.php(159): CValidator->validate(Object(LoginForm), NULL)
#7 C:\xampp\htdocs\pizarravirtual\protected\controllers\SiteController.php(94): CModel->validate()
#8 C:\xampp\htdocs\yii-1.1.14\framework\web\actions\CInlineAction.php(49): SiteController->actionLogin()
#9 C:\xampp\htdocs\yii-1.1.14\framework\web\CController.php(308): CInlineAction->runWithParams(Array)
#10 C:\xampp\htdocs\yii-1.1.14\framework\web\CController.php(286): CController->runAction(Object(CInlineAction))
#11 C:\xampp\htdocs\yii-1.1.14\framework\web\CController.php(265): CController->runActionWithFilters(Object(CInlineAction), Array)
#12 C:\xampp\htdocs\yii-1.1.14\framework\web\CWebApplication.php(282): CController->run('login')
#13 C:\xampp\htdocs\yii-1.1.14\framework\web\CWebApplication.php(141): CWebApplication->runController('site/login')
#14 C:\xampp\htdocs\yii-1.1.14\framework\base\CApplication.php(180): CWebApplication->processRequest()
#15 C:\xampp\htdocs\pizarravirtual\index.php(13): CApplication->run()
#16 {main}
REQUEST_URI=/pizarravirtual/index.php?r=site/login
HTTP_REFERER=http://localhost/pizarravirtual/index.php?r=site/login
=======
2014/05/06 18:21:19 [error] [exception.CDbException] exception 'CDbException' with message 'CDbConnection failed to open the DB connection: SQLSTATE[28000] [1045] Access denied for user 'root'@'localhost' (using password: NO)' in /Users/joseramonc/src/yii-1.1.14/framework/db/CDbConnection.php:382
Stack trace:
#0 /Users/joseramonc/src/yii-1.1.14/framework/db/CDbConnection.php(330): CDbConnection->open()
#1 /Users/joseramonc/src/yii-1.1.14/framework/db/CDbConnection.php(308): CDbConnection->setActive(true)
#2 /Users/joseramonc/src/yii-1.1.14/framework/base/CModule.php(387): CDbConnection->init()
#3 /Users/joseramonc/src/yii-1.1.14/framework/base/CApplication.php(450): CModule->getComponent('db')
#4 /Users/joseramonc/src/yii-1.1.14/framework/db/ar/CActiveRecord.php(634): CApplication->getDb()
#5 /Users/joseramonc/src/yii-1.1.14/framework/db/ar/CActiveRecord.php(667): CActiveRecord->getDbConnection()
#6 /Users/joseramonc/src/yii-1.1.14/framework/db/ar/CActiveRecord.php(1595): CActiveRecord->getCommandBuilder()
#7 /Users/joseramonc/src/yii-1.1.14/framework/web/CActiveDataProvider.php(228): CActiveRecord->count(Object(CDbCriteria))
#8 /Users/joseramonc/src/yii-1.1.14/framework/web/CDataProvider.php(224): CActiveDataProvider->calculateTotalItemCount()
#9 /Users/joseramonc/src/yii-1.1.14/framework/web/CActiveDataProvider.php(178): CDataProvider->getTotalItemCount()
#10 /Users/joseramonc/src/yii-1.1.14/framework/web/CDataProvider.php(168): CActiveDataProvider->fetchData()
#11 /Users/joseramonc/src/yii-1.1.14/framework/zii/widgets/CBaseListView.php(111): CDataProvider->getData()
#12 /Users/joseramonc/src/yii-1.1.14/framework/zii/widgets/CListView.php(211): CBaseListView->init()
#13 /Users/joseramonc/src/yii-1.1.14/framework/web/CBaseController.php(147): CListView->init()
#14 /Users/joseramonc/src/yii-1.1.14/framework/web/CBaseController.php(172): CBaseController->createWidget('zii.widgets.CLi...', Array)
#15 /Users/joseramonc/src/pizarravirtual/protected/views/proyecto/index.php(20): CBaseController->widget('zii.widgets.CLi...', Array)
#16 /Users/joseramonc/src/yii-1.1.14/framework/web/CBaseController.php(126): require('/Users/joseramo...')
#17 /Users/joseramonc/src/yii-1.1.14/framework/web/CBaseController.php(95): CBaseController->renderInternal('/Users/joseramo...', Array, true)
#18 /Users/joseramonc/src/yii-1.1.14/framework/web/CController.php(869): CBaseController->renderFile('/Users/joseramo...', Array, true)
#19 /Users/joseramonc/src/yii-1.1.14/framework/web/CController.php(782): CController->renderPartial('index', Array, true)
#20 /Users/joseramonc/src/pizarravirtual/protected/controllers/ProyectoController.php(128): CController->render('index', Array)
#21 /Users/joseramonc/src/yii-1.1.14/framework/web/actions/CInlineAction.php(49): ProyectoController->actionIndex()
#22 /Users/joseramonc/src/yii-1.1.14/framework/web/CController.php(308): CInlineAction->runWithParams(Array)
#23 /Users/joseramonc/src/yii-1.1.14/framework/web/filters/CFilterChain.php(133): CController->runAction(Object(CInlineAction))
#24 /Users/joseramonc/src/yii-1.1.14/framework/web/filters/CFilter.php(40): CFilterChain->run()
#25 /Users/joseramonc/src/yii-1.1.14/framework/web/CController.php(1145): CFilter->filter(Object(CFilterChain))
#26 /Users/joseramonc/src/yii-1.1.14/framework/web/filters/CInlineFilter.php(58): CController->filterAccessControl(Object(CFilterChain))
#27 /Users/joseramonc/src/yii-1.1.14/framework/web/filters/CFilterChain.php(130): CInlineFilter->filter(Object(CFilterChain))
#28 /Users/joseramonc/src/yii-1.1.14/framework/web/CController.php(291): CFilterChain->run()
#29 /Users/joseramonc/src/yii-1.1.14/framework/web/CController.php(265): CController->runActionWithFilters(Object(CInlineAction), Array)
#30 /Users/joseramonc/src/yii-1.1.14/framework/web/CWebApplication.php(282): CController->run('index')
#31 /Users/joseramonc/src/yii-1.1.14/framework/web/CWebApplication.php(141): CWebApplication->runController('proyecto/index')
#32 /Users/joseramonc/src/yii-1.1.14/framework/base/CApplication.php(180): CWebApplication->processRequest()
#33 /Users/joseramonc/src/pizarravirtual/index.php(13): CApplication->run()
#34 {main}
REQUEST_URI=/index.php?r=proyecto/index
HTTP_REFERER=http://pizarra:8888/
---
2014/05/06 18:21:29 [error] [exception.CDbException] exception 'CDbException' with message 'CDbConnection failed to open the DB connection: SQLSTATE[28000] [1045] Access denied for user 'root'@'localhost' (using password: NO)' in /Users/joseramonc/src/yii-1.1.14/framework/db/CDbConnection.php:382
Stack trace:
#0 /Users/joseramonc/src/yii-1.1.14/framework/db/CDbConnection.php(330): CDbConnection->open()
#1 /Users/joseramonc/src/yii-1.1.14/framework/db/CDbConnection.php(308): CDbConnection->setActive(true)
#2 /Users/joseramonc/src/yii-1.1.14/framework/base/CModule.php(387): CDbConnection->init()
#3 /Users/joseramonc/src/yii-1.1.14/framework/base/CApplication.php(450): CModule->getComponent('db')
#4 /Users/joseramonc/src/yii-1.1.14/framework/db/ar/CActiveRecord.php(634): CApplication->getDb()
#5 /Users/joseramonc/src/yii-1.1.14/framework/db/ar/CActiveRecord.php(667): CActiveRecord->getDbConnection()
#6 /Users/joseramonc/src/yii-1.1.14/framework/db/ar/CActiveRecord.php(1595): CActiveRecord->getCommandBuilder()
#7 /Users/joseramonc/src/yii-1.1.14/framework/web/CActiveDataProvider.php(228): CActiveRecord->count(Object(CDbCriteria))
#8 /Users/joseramonc/src/yii-1.1.14/framework/web/CDataProvider.php(224): CActiveDataProvider->calculateTotalItemCount()
#9 /Users/joseramonc/src/yii-1.1.14/framework/web/CActiveDataProvider.php(178): CDataProvider->getTotalItemCount()
#10 /Users/joseramonc/src/yii-1.1.14/framework/web/CDataProvider.php(168): CActiveDataProvider->fetchData()
#11 /Users/joseramonc/src/yii-1.1.14/framework/zii/widgets/CBaseListView.php(111): CDataProvider->getData()
#12 /Users/joseramonc/src/yii-1.1.14/framework/zii/widgets/CListView.php(211): CBaseListView->init()
#13 /Users/joseramonc/src/yii-1.1.14/framework/web/CBaseController.php(147): CListView->init()
#14 /Users/joseramonc/src/yii-1.1.14/framework/web/CBaseController.php(172): CBaseController->createWidget('zii.widgets.CLi...', Array)
#15 /Users/joseramonc/src/pizarravirtual/protected/views/proyecto/index.php(20): CBaseController->widget('zii.widgets.CLi...', Array)
#16 /Users/joseramonc/src/yii-1.1.14/framework/web/CBaseController.php(126): require('/Users/joseramo...')
#17 /Users/joseramonc/src/yii-1.1.14/framework/web/CBaseController.php(95): CBaseController->renderInternal('/Users/joseramo...', Array, true)
#18 /Users/joseramonc/src/yii-1.1.14/framework/web/CController.php(869): CBaseController->renderFile('/Users/joseramo...', Array, true)
#19 /Users/joseramonc/src/yii-1.1.14/framework/web/CController.php(782): CController->renderPartial('index', Array, true)
#20 /Users/joseramonc/src/pizarravirtual/protected/controllers/ProyectoController.php(128): CController->render('index', Array)
#21 /Users/joseramonc/src/yii-1.1.14/framework/web/actions/CInlineAction.php(49): ProyectoController->actionIndex()
#22 /Users/joseramonc/src/yii-1.1.14/framework/web/CController.php(308): CInlineAction->runWithParams(Array)
#23 /Users/joseramonc/src/yii-1.1.14/framework/web/filters/CFilterChain.php(133): CController->runAction(Object(CInlineAction))
#24 /Users/joseramonc/src/yii-1.1.14/framework/web/filters/CFilter.php(40): CFilterChain->run()
#25 /Users/joseramonc/src/yii-1.1.14/framework/web/CController.php(1145): CFilter->filter(Object(CFilterChain))
#26 /Users/joseramonc/src/yii-1.1.14/framework/web/filters/CInlineFilter.php(58): CController->filterAccessControl(Object(CFilterChain))
#27 /Users/joseramonc/src/yii-1.1.14/framework/web/filters/CFilterChain.php(130): CInlineFilter->filter(Object(CFilterChain))
#28 /Users/joseramonc/src/yii-1.1.14/framework/web/CController.php(291): CFilterChain->run()
#29 /Users/joseramonc/src/yii-1.1.14/framework/web/CController.php(265): CController->runActionWithFilters(Object(CInlineAction), Array)
#30 /Users/joseramonc/src/yii-1.1.14/framework/web/CWebApplication.php(282): CController->run('index')
#31 /Users/joseramonc/src/yii-1.1.14/framework/web/CWebApplication.php(141): CWebApplication->runController('proyecto/index')
#32 /Users/joseramonc/src/yii-1.1.14/framework/base/CApplication.php(180): CWebApplication->processRequest()
#33 /Users/joseramonc/src/pizarravirtual/index.php(13): CApplication->run()
#34 {main}
REQUEST_URI=/index.php?r=proyecto/index
HTTP_REFERER=http://pizarra:8888/
---
2014/05/06 18:21:30 [error] [exception.CDbException] exception 'CDbException' with message 'CDbConnection failed to open the DB connection: SQLSTATE[28000] [1045] Access denied for user 'root'@'localhost' (using password: NO)' in /Users/joseramonc/src/yii-1.1.14/framework/db/CDbConnection.php:382
Stack trace:
#0 /Users/joseramonc/src/yii-1.1.14/framework/db/CDbConnection.php(330): CDbConnection->open()
#1 /Users/joseramonc/src/yii-1.1.14/framework/db/CDbConnection.php(308): CDbConnection->setActive(true)
#2 /Users/joseramonc/src/yii-1.1.14/framework/base/CModule.php(387): CDbConnection->init()
#3 /Users/joseramonc/src/yii-1.1.14/framework/base/CApplication.php(450): CModule->getComponent('db')
#4 /Users/joseramonc/src/yii-1.1.14/framework/db/ar/CActiveRecord.php(634): CApplication->getDb()
#5 /Users/joseramonc/src/yii-1.1.14/framework/db/ar/CActiveRecord.php(667): CActiveRecord->getDbConnection()
#6 /Users/joseramonc/src/yii-1.1.14/framework/db/ar/CActiveRecord.php(1595): CActiveRecord->getCommandBuilder()
#7 /Users/joseramonc/src/yii-1.1.14/framework/web/CActiveDataProvider.php(228): CActiveRecord->count(Object(CDbCriteria))
#8 /Users/joseramonc/src/yii-1.1.14/framework/web/CDataProvider.php(224): CActiveDataProvider->calculateTotalItemCount()
#9 /Users/joseramonc/src/yii-1.1.14/framework/web/CActiveDataProvider.php(178): CDataProvider->getTotalItemCount()
#10 /Users/joseramonc/src/yii-1.1.14/framework/web/CDataProvider.php(168): CActiveDataProvider->fetchData()
#11 /Users/joseramonc/src/yii-1.1.14/framework/zii/widgets/CBaseListView.php(111): CDataProvider->getData()
#12 /Users/joseramonc/src/yii-1.1.14/framework/zii/widgets/CListView.php(211): CBaseListView->init()
#13 /Users/joseramonc/src/yii-1.1.14/framework/web/CBaseController.php(147): CListView->init()
#14 /Users/joseramonc/src/yii-1.1.14/framework/web/CBaseController.php(172): CBaseController->createWidget('zii.widgets.CLi...', Array)
#15 /Users/joseramonc/src/pizarravirtual/protected/views/proyecto/index.php(20): CBaseController->widget('zii.widgets.CLi...', Array)
#16 /Users/joseramonc/src/yii-1.1.14/framework/web/CBaseController.php(126): require('/Users/joseramo...')
#17 /Users/joseramonc/src/yii-1.1.14/framework/web/CBaseController.php(95): CBaseController->renderInternal('/Users/joseramo...', Array, true)
#18 /Users/joseramonc/src/yii-1.1.14/framework/web/CController.php(869): CBaseController->renderFile('/Users/joseramo...', Array, true)
#19 /Users/joseramonc/src/yii-1.1.14/framework/web/CController.php(782): CController->renderPartial('index', Array, true)
#20 /Users/joseramonc/src/pizarravirtual/protected/controllers/ProyectoController.php(128): CController->render('index', Array)
#21 /Users/joseramonc/src/yii-1.1.14/framework/web/actions/CInlineAction.php(49): ProyectoController->actionIndex()
#22 /Users/joseramonc/src/yii-1.1.14/framework/web/CController.php(308): CInlineAction->runWithParams(Array)
#23 /Users/joseramonc/src/yii-1.1.14/framework/web/filters/CFilterChain.php(133): CController->runAction(Object(CInlineAction))
#24 /Users/joseramonc/src/yii-1.1.14/framework/web/filters/CFilter.php(40): CFilterChain->run()
#25 /Users/joseramonc/src/yii-1.1.14/framework/web/CController.php(1145): CFilter->filter(Object(CFilterChain))
#26 /Users/joseramonc/src/yii-1.1.14/framework/web/filters/CInlineFilter.php(58): CController->filterAccessControl(Object(CFilterChain))
#27 /Users/joseramonc/src/yii-1.1.14/framework/web/filters/CFilterChain.php(130): CInlineFilter->filter(Object(CFilterChain))
#28 /Users/joseramonc/src/yii-1.1.14/framework/web/CController.php(291): CFilterChain->run()
#29 /Users/joseramonc/src/yii-1.1.14/framework/web/CController.php(265): CController->runActionWithFilters(Object(CInlineAction), Array)
#30 /Users/joseramonc/src/yii-1.1.14/framework/web/CWebApplication.php(282): CController->run('index')
#31 /Users/joseramonc/src/yii-1.1.14/framework/web/CWebApplication.php(141): CWebApplication->runController('proyecto/index')
#32 /Users/joseramonc/src/yii-1.1.14/framework/base/CApplication.php(180): CWebApplication->processRequest()
#33 /Users/joseramonc/src/pizarravirtual/index.php(13): CApplication->run()
#34 {main}
REQUEST_URI=/index.php?r=proyecto/index
HTTP_REFERER=http://pizarra:8888/
---
2014/05/06 18:21:30 [error] [exception.CDbException] exception 'CDbException' with message 'CDbConnection failed to open the DB connection: SQLSTATE[28000] [1045] Access denied for user 'root'@'localhost' (using password: NO)' in /Users/joseramonc/src/yii-1.1.14/framework/db/CDbConnection.php:382
Stack trace:
#0 /Users/joseramonc/src/yii-1.1.14/framework/db/CDbConnection.php(330): CDbConnection->open()
#1 /Users/joseramonc/src/yii-1.1.14/framework/db/CDbConnection.php(308): CDbConnection->setActive(true)
#2 /Users/joseramonc/src/yii-1.1.14/framework/base/CModule.php(387): CDbConnection->init()
#3 /Users/joseramonc/src/yii-1.1.14/framework/base/CApplication.php(450): CModule->getComponent('db')
#4 /Users/joseramonc/src/yii-1.1.14/framework/db/ar/CActiveRecord.php(634): CApplication->getDb()
#5 /Users/joseramonc/src/yii-1.1.14/framework/db/ar/CActiveRecord.php(667): CActiveRecord->getDbConnection()
#6 /Users/joseramonc/src/yii-1.1.14/framework/db/ar/CActiveRecord.php(1595): CActiveRecord->getCommandBuilder()
#7 /Users/joseramonc/src/yii-1.1.14/framework/web/CActiveDataProvider.php(228): CActiveRecord->count(Object(CDbCriteria))
#8 /Users/joseramonc/src/yii-1.1.14/framework/web/CDataProvider.php(224): CActiveDataProvider->calculateTotalItemCount()
#9 /Users/joseramonc/src/yii-1.1.14/framework/web/CActiveDataProvider.php(178): CDataProvider->getTotalItemCount()
#10 /Users/joseramonc/src/yii-1.1.14/framework/web/CDataProvider.php(168): CActiveDataProvider->fetchData()
#11 /Users/joseramonc/src/yii-1.1.14/framework/zii/widgets/CBaseListView.php(111): CDataProvider->getData()
#12 /Users/joseramonc/src/yii-1.1.14/framework/zii/widgets/CListView.php(211): CBaseListView->init()
#13 /Users/joseramonc/src/yii-1.1.14/framework/web/CBaseController.php(147): CListView->init()
#14 /Users/joseramonc/src/yii-1.1.14/framework/web/CBaseController.php(172): CBaseController->createWidget('zii.widgets.CLi...', Array)
#15 /Users/joseramonc/src/pizarravirtual/protected/views/proyecto/index.php(20): CBaseController->widget('zii.widgets.CLi...', Array)
#16 /Users/joseramonc/src/yii-1.1.14/framework/web/CBaseController.php(126): require('/Users/joseramo...')
#17 /Users/joseramonc/src/yii-1.1.14/framework/web/CBaseController.php(95): CBaseController->renderInternal('/Users/joseramo...', Array, true)
#18 /Users/joseramonc/src/yii-1.1.14/framework/web/CController.php(869): CBaseController->renderFile('/Users/joseramo...', Array, true)
#19 /Users/joseramonc/src/yii-1.1.14/framework/web/CController.php(782): CController->renderPartial('index', Array, true)
#20 /Users/joseramonc/src/pizarravirtual/protected/controllers/ProyectoController.php(128): CController->render('index', Array)
#21 /Users/joseramonc/src/yii-1.1.14/framework/web/actions/CInlineAction.php(49): ProyectoController->actionIndex()
#22 /Users/joseramonc/src/yii-1.1.14/framework/web/CController.php(308): CInlineAction->runWithParams(Array)
#23 /Users/joseramonc/src/yii-1.1.14/framework/web/filters/CFilterChain.php(133): CController->runAction(Object(CInlineAction))
#24 /Users/joseramonc/src/yii-1.1.14/framework/web/filters/CFilter.php(40): CFilterChain->run()
#25 /Users/joseramonc/src/yii-1.1.14/framework/web/CController.php(1145): CFilter->filter(Object(CFilterChain))
#26 /Users/joseramonc/src/yii-1.1.14/framework/web/filters/CInlineFilter.php(58): CController->filterAccessControl(Object(CFilterChain))
#27 /Users/joseramonc/src/yii-1.1.14/framework/web/filters/CFilterChain.php(130): CInlineFilter->filter(Object(CFilterChain))
#28 /Users/joseramonc/src/yii-1.1.14/framework/web/CController.php(291): CFilterChain->run()
#29 /Users/joseramonc/src/yii-1.1.14/framework/web/CController.php(265): CController->runActionWithFilters(Object(CInlineAction), Array)
#30 /Users/joseramonc/src/yii-1.1.14/framework/web/CWebApplication.php(282): CController->run('index')
#31 /Users/joseramonc/src/yii-1.1.14/framework/web/CWebApplication.php(141): CWebApplication->runController('proyecto/index')
#32 /Users/joseramonc/src/yii-1.1.14/framework/base/CApplication.php(180): CWebApplication->processRequest()
#33 /Users/joseramonc/src/pizarravirtual/index.php(13): CApplication->run()
#34 {main}
REQUEST_URI=/index.php?r=proyecto/index
HTTP_REFERER=http://pizarra:8888/
>>>>>>> 3a29dd6e4f544ee2a3d9754fee93248558ab8048
---
